TN:
SF:src\app.js
FN:25,(anonymous_0)
FNF:1
FNH:0
FNDA:0,(anonymous_0)
DA:1,2
DA:4,2
DA:5,2
DA:6,2
DA:7,2
DA:8,2
DA:11,2
DA:14,2
DA:15,2
DA:16,2
DA:19,2
DA:21,2
DA:23,2
DA:25,2
DA:26,0
DA:29,2
LF:16
LH:15
BRDA:2,0,0,2
BRDA:2,0,1,0
BRF:2
BRH:1
end_of_record
TN:
SF:src\controllers\auth.controller.js
FN:8,login
FNF:1
FNH:0
FNDA:0,login
DA:1,2
DA:2,2
DA:3,2
DA:4,2
DA:6,2
DA:9,0
DA:10,0
DA:12,0
DA:13,0
DA:14,0
DA:15,0
DA:18,0
DA:19,0
DA:20,0
DA:21,0
DA:24,0
DA:26,0
DA:39,0
DA:43,2
LF:19
LH:6
BRDA:14,0,0,0
BRDA:14,0,1,0
BRDA:19,1,0,0
BRDA:19,1,1,0
BRF:4
BRH:0
end_of_record
TN:
SF:src\controllers\posts.controller.js
FN:5,(anonymous_0)
FN:21,(anonymous_1)
FN:38,(anonymous_2)
FN:58,(anonymous_3)
FN:79,(anonymous_4)
FN:89,(anonymous_5)
FNF:6
FNH:4
FNDA:0,(anonymous_0)
FNDA:1,(anonymous_1)
FNDA:1,(anonymous_2)
FNDA:1,(anonymous_3)
FNDA:1,(anonymous_4)
FNDA:0,(anonymous_5)
DA:1,2
DA:2,2
DA:5,2
DA:6,0
DA:7,0
DA:8,0
DA:9,0
DA:11,0
DA:12,0
DA:14,0
DA:15,0
DA:21,2
DA:22,1
DA:23,1
DA:24,1
DA:25,1
DA:28,0
DA:29,0
DA:31,0
DA:32,0
DA:38,2
DA:39,1
DA:40,1
DA:41,1
DA:43,1
DA:45,1
DA:48,0
DA:49,0
DA:51,0
DA:52,0
DA:58,2
DA:59,1
DA:60,1
DA:61,1
DA:63,1
DA:65,1
DA:68,0
DA:69,0
DA:71,0
DA:72,0
DA:79,2
DA:80,1
DA:81,1
DA:82,1
DA:84,0
DA:85,0
DA:89,2
DA:90,0
DA:91,0
DA:92,0
DA:93,0
DA:95,0
DA:96,0
DA:98,0
DA:99,0
DA:103,2
LF:56
LH:26
BRDA:11,0,0,0
BRDA:11,0,1,0
BRDA:28,1,0,0
BRDA:28,1,1,0
BRDA:48,2,0,0
BRDA:48,2,1,0
BRDA:68,3,0,0
BRDA:68,3,1,0
BRDA:95,4,0,0
BRDA:95,4,1,0
BRF:10
BRH:0
end_of_record
TN:
SF:src\controllers\users.controller.js
FN:4,cadastrarUsuario
FNF:1
FNH:1
FNDA:1,cadastrarUsuario
DA:1,2
DA:2,2
DA:5,1
DA:6,1
DA:7,1
DA:9,1
DA:10,0
DA:13,1
DA:15,1
DA:16,0
DA:20,1
DA:21,1
DA:22,0
DA:25,1
DA:27,1
DA:33,1
DA:35,1
DA:42,2
LF:18
LH:15
BRDA:9,0,0,0
BRDA:9,0,1,1
BRDA:9,1,0,1
BRDA:9,1,1,1
BRDA:9,1,2,1
BRDA:15,2,0,0
BRDA:15,2,1,1
BRDA:21,3,0,0
BRDA:21,3,1,1
BRF:9
BRH:6
end_of_record
TN:
SF:src\middlewares\ensureAuth.js
FN:6,ensureAuth
FNF:1
FNH:1
FNDA:3,ensureAuth
DA:1,2
DA:2,2
DA:3,2
DA:7,3
DA:8,3
DA:10,3
DA:11,0
DA:14,3
DA:15,3
DA:16,0
DA:19,3
DA:20,3
DA:22,3
DA:24,3
DA:26,0
DA:31,2
LF:16
LH:13
BRDA:10,0,0,0
BRDA:10,0,1,3
BRDA:15,1,0,0
BRDA:15,1,1,3
BRDA:15,2,0,3
BRDA:15,2,1,3
BRF:6
BRH:4
end_of_record
TN:
SF:src\middlewares\onlyProfessor.js
FN:1,onlyProfessor
FNF:1
FNH:1
FNDA:3,onlyProfessor
DA:2,3
DA:3,0
DA:6,3
DA:9,2
LF:4
LH:3
BRDA:2,0,0,0
BRDA:2,0,1,3
BRF:2
BRH:1
end_of_record
TN:
SF:src\models\Post.js
FNF:0
FNH:0
DA:1,2
DA:3,2
DA:23,2
DA:25,2
LF:4
LH:4
BRF:0
BRH:0
end_of_record
TN:
SF:src\models\User.js
FNF:0
FNH:0
DA:1,2
DA:3,2
DA:24,2
DA:26,2
LF:4
LH:4
BRF:0
BRH:0
end_of_record
TN:
SF:src\routes\auth.routes.js
FNF:0
FNH:0
DA:1,2
DA:2,2
DA:3,2
DA:5,2
DA:7,2
LF:5
LH:5
BRF:0
BRH:0
end_of_record
TN:
SF:src\routes\posts.routes.js
FNF:0
FNH:0
DA:1,2
DA:2,2
DA:3,2
DA:4,2
DA:5,2
DA:8,2
DA:9,2
DA:10,2
DA:13,2
DA:14,2
DA:15,2
DA:17,2
LF:12
LH:12
BRF:0
BRH:0
end_of_record
TN:
SF:src\routes\users.routes.js
FNF:0
FNH:0
DA:1,2
DA:2,2
DA:3,2
DA:5,2
DA:7,2
LF:5
LH:5
BRF:0
BRH:0
end_of_record
TN:
SF:src\services\post.services.js
FN:4,(anonymous_0)
FN:21,(anonymous_1)
FN:30,(anonymous_2)
FN:51,(anonymous_3)
FN:71,(anonymous_4)
FN:77,(anonymous_5)
FNF:6
FNH:4
FNDA:0,(anonymous_0)
FNDA:1,(anonymous_1)
FNDA:1,(anonymous_2)
FNDA:1,(anonymous_3)
FNDA:1,(anonymous_4)
FNDA:0,(anonymous_5)
DA:1,2
DA:4,2
DA:5,0
DA:6,0
DA:9,0
DA:10,0
DA:17,0
DA:21,2
DA:22,1
DA:23,1
DA:24,0
DA:30,2
DA:31,1
DA:33,1
DA:42,1
DA:43,0
DA:46,1
DA:51,2
DA:52,1
DA:53,1
DA:55,1
DA:56,0
DA:59,1
DA:66,1
DA:71,2
DA:72,1
DA:73,1
DA:77,2
DA:78,0
DA:80,0
DA:81,0
DA:84,0
DA:87,2
LF:33
LH:21
BRDA:5,0,0,0
BRDA:5,0,1,0
BRDA:23,1,0,0
BRDA:23,1,1,1
BRDA:36,2,0,1
BRDA:36,2,1,1
BRDA:37,3,0,1
BRDA:37,3,1,0
BRDA:42,4,0,0
BRDA:42,4,1,1
BRDA:55,5,0,0
BRDA:55,5,1,1
BRDA:55,6,0,1
BRDA:55,6,1,1
BRDA:80,7,0,0
BRDA:80,7,1,0
BRF:16
BRH:8
end_of_record
